<?xml version="1.0" encoding="UTF-8"?>
<!-- Generated by org.testng.reporters.JUnitReportReporter -->
<testsuite name="com.tsoft.bot.saucelabs.android.Tests.DemoTsoftTest" tests="2" time="147.911" ignored="0" failures="0" timestamp="25 oct 2020 06:17:27 GMT" skipped="0" hostname="DESKTOP-I701UEL" errors="0">
  <testcase name="TSOFT_Test_APK_Login" time="76.417" classname="com.tsoft.bot.saucelabs.android.Tests.DemoTsoftTest"/>
  <testcase name="TSOFT_Test_APK_Login" time="71.494" classname="com.tsoft.bot.saucelabs.android.Tests.DemoTsoftTest"/>
</testsuite> <!-- com.tsoft.bot.saucelabs.android.Tests.DemoTsoftTest -->
